<?xml version="1.0" encoding="UTF-8"?>
<robot generator="Robot 3.1.2 (Python 3.8.2 on darwin)" generated="20200607 02:04:08.275" rpa="false">
<suite id="s1" name="Sample1" source="/Users/pradeepkumar/Documents/Python Projects/Grid Sample/sample1.robot">
<test id="s1-t1" name="Test Search Docker">
<kw name="Start Browser" type="setup">
<doc>Start chrome browser on Selenium Grid</doc>
<kw name="Open Browser" library="Selenium2Library">
<doc>Opens a new browser instance to the optional ``url``.</doc>
<arguments>
<arg>${SERVER}</arg>
<arg>${BROWSER}</arg>
<arg>None</arg>
<arg>${REMOTE_URL}</arg>
</arguments>
<msg timestamp="20200607 02:04:08.404" level="INFO">Opening browser 'chrome' to base url 'https://www.google.com' through remote server at 'http://localhost:4546/wd/hub'.</msg>
<status status="PASS" starttime="20200607 02:04:08.404" endtime="20200607 02:04:09.860"></status>
</kw>
<kw name="Sleep" library="BuiltIn">
<doc>Pauses the test executed for the given time.</doc>
<arguments>
<arg>5s</arg>
</arguments>
<msg timestamp="20200607 02:04:14.862" level="INFO">Slept 5 seconds</msg>
<status status="PASS" starttime="20200607 02:04:09.861" endtime="20200607 02:04:14.862"></status>
</kw>
<status status="PASS" starttime="20200607 02:04:08.403" endtime="20200607 02:04:14.862"></status>
</kw>
<kw name="Input Text" library="Selenium2Library">
<doc>Types the given ``text`` into the text field identified by ``locator``.</doc>
<arguments>
<arg>q</arg>
<arg>docker</arg>
</arguments>
<msg timestamp="20200607 02:04:14.863" level="INFO">Typing text 'docker' into text field 'q'.</msg>
<status status="PASS" starttime="20200607 02:04:14.863" endtime="20200607 02:04:15.056"></status>
</kw>
<kw name="Submit Form" library="Selenium2Library">
<doc>Submits a form identified by ``locator``.</doc>
<msg timestamp="20200607 02:04:15.056" level="INFO">Submitting form 'None'.</msg>
<status status="PASS" starttime="20200607 02:04:15.056" endtime="20200607 02:04:16.606"></status>
</kw>
<kw name="Wait Until Page Contains" library="Selenium2Library">
<doc>Waits until ``text`` appears on the current page.</doc>
<arguments>
<arg>Searches related to docker</arg>
</arguments>
<status status="PASS" starttime="20200607 02:04:16.606" endtime="20200607 02:04:16.642"></status>
</kw>
<kw name="Sleep" library="BuiltIn">
<doc>Pauses the test executed for the given time.</doc>
<arguments>
<arg>5s</arg>
</arguments>
<msg timestamp="20200607 02:04:21.643" level="INFO">Slept 5 seconds</msg>
<status status="PASS" starttime="20200607 02:04:16.642" endtime="20200607 02:04:21.643"></status>
</kw>
<kw name="Close Browser" library="Selenium2Library" type="teardown">
<doc>Closes the current browser.</doc>
<status status="PASS" starttime="20200607 02:04:21.644" endtime="20200607 02:04:21.707"></status>
</kw>
<doc>Test Search Docker</doc>
<status status="PASS" starttime="20200607 02:04:08.403" endtime="20200607 02:04:21.707" critical="yes"></status>
</test>
<test id="s1-t2" name="Test Check Page Title">
<kw name="Start Browser" type="setup">
<doc>Start chrome browser on Selenium Grid</doc>
<kw name="Open Browser" library="Selenium2Library">
<doc>Opens a new browser instance to the optional ``url``.</doc>
<arguments>
<arg>${SERVER}</arg>
<arg>${BROWSER}</arg>
<arg>None</arg>
<arg>${REMOTE_URL}</arg>
</arguments>
<msg timestamp="20200607 02:04:21.709" level="INFO">Opening browser 'chrome' to base url 'https://www.google.com' through remote server at 'http://localhost:4546/wd/hub'.</msg>
<status status="PASS" starttime="20200607 02:04:21.709" endtime="20200607 02:04:23.034"></status>
</kw>
<kw name="Sleep" library="BuiltIn">
<doc>Pauses the test executed for the given time.</doc>
<arguments>
<arg>5s</arg>
</arguments>
<msg timestamp="20200607 02:04:28.036" level="INFO">Slept 5 seconds</msg>
<status status="PASS" starttime="20200607 02:04:23.034" endtime="20200607 02:04:28.037"></status>
</kw>
<status status="PASS" starttime="20200607 02:04:21.708" endtime="20200607 02:04:28.037"></status>
</kw>
<kw name="Title Should Be" library="Selenium2Library">
<doc>Verifies that the current page title equals ``title``.</doc>
<arguments>
<arg>Google</arg>
</arguments>
<msg timestamp="20200607 02:04:28.057" level="INFO">Page title is 'Google'.</msg>
<status status="PASS" starttime="20200607 02:04:28.037" endtime="20200607 02:04:28.057"></status>
</kw>
<kw name="Sleep" library="BuiltIn">
<doc>Pauses the test executed for the given time.</doc>
<arguments>
<arg>5s</arg>
</arguments>
<msg timestamp="20200607 02:04:33.058" level="INFO">Slept 5 seconds</msg>
<status status="PASS" starttime="20200607 02:04:28.057" endtime="20200607 02:04:33.058"></status>
</kw>
<kw name="Close Browser" library="Selenium2Library" type="teardown">
<doc>Closes the current browser.</doc>
<status status="PASS" starttime="20200607 02:04:33.058" endtime="20200607 02:04:33.119"></status>
</kw>
<doc>Check the page title</doc>
<status status="PASS" starttime="20200607 02:04:21.708" endtime="20200607 02:04:33.119" critical="yes"></status>
</test>
<doc>Executing Robot Framework Tests on Docker container
</doc>
<status status="PASS" starttime="20200607 02:04:08.276" endtime="20200607 02:04:33.120"></status>
</suite>
<statistics>
<total>
<stat pass="2" fail="0">Critical Tests</stat>
<stat pass="2" fail="0">All Tests</stat>
</total>
<tag>
</tag>
<suite>
<stat pass="2" fail="0" id="s1" name="Sample1">Sample1</stat>
</suite>
</statistics>
<errors>
</errors>
</robot>
